<?xml version="1.0" encoding="UTF-8"?>
<!-- Generated by org.testng.reporters.JUnitReportReporter -->
<testsuite skipped="0" hostname="PUN-RPATIDAR01" name="restapitest.GetRequest" tests="1" failures="0" timestamp="2020-04-05T17:04:43 IST" time="2.380" errors="0">
  <testcase name="getCall" time="2.380" classname="restapitest.GetRequest"/>
  <system-out/>
</testsuite> <!-- restapitest.GetRequest -->
