<?xml version="1.0" encoding="UTF-8"?>
<!-- Generated by org.testng.reporters.JUnitReportReporter -->
<testsuite skipped="0" hostname="PUN-RPATIDAR01" name="com.qa.restapitest.GetTest" tests="1" failures="0" timestamp="2020-04-05T08:07:33 IST" time="5.096" errors="0">
  <testcase name="getTest" time="5.096" classname="com.qa.restapitest.GetTest"/>
</testsuite> <!-- com.qa.restapitest.GetTest -->
