<?xml version="1.0" encoding="UTF-8"?>
<!-- Generated by org.testng.reporters.JUnitReportReporter -->
<testsuite skipped="0" hostname="PUN-RPATIDAR01" name="getRequest.GetReqRes" tests="1" failures="0" timestamp="2020-04-05T17:08:04 IST" time="2.889" errors="0">
  <testcase name="getuser" time="2.889" classname="getRequest.GetReqRes"/>
  <system-out/>
</testsuite> <!-- getRequest.GetReqRes -->
