<?xml version="1.0" encoding="UTF-8"?>
<!-- Generated by org.testng.reporters.JUnitReportReporter -->
<testsuite skipped="0" hostname="PUN-RPATIDAR01" name="getRequest.GetReqRes2" tests="1" failures="0" timestamp="2020-04-05T17:07:52 IST" time="2.730" errors="0">
  <testcase name="getuser" time="2.730" classname="getRequest.GetReqRes2"/>
  <system-out/>
</testsuite> <!-- getRequest.GetReqRes2 -->
