<?xml version="1.0" encoding="UTF-8"?>
<!-- Generated by org.testng.reporters.JUnitReportReporter -->
<testsuite skipped="0" hostname="PUN-RPATIDAR01" name="restapitest.PostTest" tests="1" failures="0" timestamp="2020-04-05T12:18:12 IST" time="3.017" errors="0">
  <testcase name="postTest" time="3.017" classname="restapitest.PostTest"/>
  <system-out/>
</testsuite> <!-- restapitest.PostTest -->
