<?xml version="1.0" encoding="UTF-8"?>
<!-- Generated by org.testng.reporters.JUnitReportReporter -->
<testsuite skipped="0" hostname="PUN-RPATIDAR01" name="com.qa.restapitest.PostTest" tests="1" failures="0" timestamp="2020-04-05T08:09:09 IST" time="3.968" errors="0">
  <testcase name="postTest" time="3.968" classname="com.qa.restapitest.PostTest"/>
</testsuite> <!-- com.qa.restapitest.PostTest -->
