<?xml version="1.0" encoding="UTF-8"?>
<!-- Generated by org.testng.reporters.JUnitReportReporter -->
<testsuite skipped="0" hostname="PUN-RPATIDAR01" name="deleteRequest.LibraryAPI_E2ETest" tests="1" failures="0" timestamp="2020-04-06T09:28:00 IST" time="3.330" errors="0">
  <testcase name="addBook" time="3.330" classname="deleteRequest.LibraryAPI_E2ETest"/>
  <system-out/>
</testsuite> <!-- deleteRequest.LibraryAPI_E2ETest -->
