<?xml version="1.0" encoding="UTF-8"?>
<!-- Generated by org.testng.reporters.JUnitReportReporter -->
<testsuite skipped="0" hostname="PUN-RPATIDAR01" name="getRequest.GetTest" tests="1" failures="0" timestamp="2020-04-05T17:11:18 IST" time="2.233" errors="0">
  <testcase name="getTest" time="2.233" classname="getRequest.GetTest"/>
  <system-out/>
</testsuite> <!-- getRequest.GetTest -->
