<?xml version="1.0" encoding="UTF-8"?>
<!-- Generated by org.testng.reporters.JUnitReportReporter -->
<testsuite skipped="0" hostname="PUN-RPATIDAR01" name="restapitest.GetCall" tests="1" failures="0" timestamp="2020-04-05T17:03:02 IST" time="5.425" errors="0">
  <testcase name="getRestAPI" time="5.425" classname="restapitest.GetCall"/>
  <system-out/>
</testsuite> <!-- restapitest.GetCall -->
