<?xml version="1.0" encoding="UTF-8"?>
<!-- Generated by org.testng.reporters.JUnitReportReporter -->
<testsuite skipped="0" hostname="PUN-RPATIDAR01" name="postRequest.GoogleAPI_Add_Delete_place" tests="1" failures="0" timestamp="2020-04-05T18:14:49 IST" time="2.800" errors="0">
  <testcase name="add_delete_Place" time="2.800" classname="postRequest.GoogleAPI_Add_Delete_place"/>
  <system-out/>
</testsuite> <!-- postRequest.GoogleAPI_Add_Delete_place -->
