<?xml version="1.0" encoding="UTF-8"?>
<!-- Generated by org.testng.reporters.JUnitReportReporter -->
<testsuite skipped="0" hostname="PUN-RPATIDAR01" name="restapitest.GetReqRes" tests="1" failures="0" timestamp="2020-04-05T17:03:28 IST" time="2.971" errors="0">
  <testcase name="getuser" time="2.971" classname="restapitest.GetReqRes"/>
  <system-out/>
</testsuite> <!-- restapitest.GetReqRes -->
