<?xml version="1.0" encoding="UTF-8"?>
<!-- Generated by org.testng.reporters.JUnitReportReporter -->
<testsuite skipped="0" hostname="PUN-RPATIDAR01" name="restapitest.PostRequest" tests="1" failures="0" timestamp="2020-04-05T12:35:51 IST" time="2.625" errors="0">
  <testcase name="postCall" time="2.625" classname="restapitest.PostRequest"/>
  <system-out/>
</testsuite> <!-- restapitest.PostRequest -->
