<?xml version="1.0" encoding="UTF-8"?>
<!-- Generated by org.testng.reporters.JUnitReportReporter -->
<testsuite skipped="0" hostname="PUN-RPATIDAR01" name="restapitest.GetTest" tests="1" failures="0" timestamp="2020-04-05T17:05:43 IST" time="2.455" errors="0">
  <testcase name="getTest" time="2.455" classname="restapitest.GetTest"/>
  <system-out/>
</testsuite> <!-- restapitest.GetTest -->
