<?xml version="1.0" encoding="UTF-8"?>
<!-- Generated by org.testng.reporters.JUnitReportReporter -->
<testsuite skipped="0" hostname="PUN-RPATIDAR01" name="postRequest.LibraryAPI_E2ETest" tests="1" failures="0" timestamp="2020-04-05T18:13:37 IST" time="3.258" errors="0">
  <testcase name="addBook" time="3.258" classname="postRequest.LibraryAPI_E2ETest"/>
  <system-out/>
</testsuite> <!-- postRequest.LibraryAPI_E2ETest -->
