<?xml version="1.0" encoding="UTF-8"?>
<!-- Generated by org.testng.reporters.JUnitReportReporter -->
<testsuite skipped="0" hostname="PUN-RPATIDAR01" name="restapitest.GetReqRes2" tests="1" failures="0" timestamp="2020-04-05T17:03:59 IST" time="1.937" errors="0">
  <testcase name="getuser" time="1.937" classname="restapitest.GetReqRes2"/>
  <system-out/>
</testsuite> <!-- restapitest.GetReqRes2 -->
