<?xml version="1.0" encoding="UTF-8"?>
<!-- Generated by org.testng.reporters.JUnitReportReporter -->
<testsuite skipped="0" hostname="PUN-RPATIDAR01" name="getRequest.GetCall" tests="1" failures="0" timestamp="2020-04-05T17:43:06 IST" time="3.423" errors="0">
  <testcase name="getRestAPI" time="3.423" classname="getRequest.GetCall"/>
  <system-out/>
</testsuite> <!-- getRequest.GetCall -->
