<?xml version="1.0" encoding="UTF-8"?>
<!-- Generated by org.testng.reporters.JUnitReportReporter -->
<testsuite skipped="0" hostname="PUN-RPATIDAR01" name="getRequest.GetWeatherInfo" tests="3" failures="0" timestamp="2020-04-05T17:12:41 IST" time="3.800" errors="0">
  <testcase name="getDataFromExcel" time="2.466" classname="getRequest.GetWeatherInfo"/>
  <system-out/>
  <testcase name="getDataFromExcel" time="0.666" classname="getRequest.GetWeatherInfo"/>
  <system-out/>
  <testcase name="getDataFromExcel" time="0.668" classname="getRequest.GetWeatherInfo"/>
  <system-out/>
</testsuite> <!-- getRequest.GetWeatherInfo -->
