<?xml version="1.0" encoding="UTF-8"?>
<!-- Generated by org.testng.reporters.JUnitReportReporter -->
<testsuite skipped="0" hostname="PUN-RPATIDAR01" name="restapitest.GetCall2" tests="1" failures="0" timestamp="2020-04-05T17:03:15 IST" time="2.487" errors="0">
  <testcase name="getRestAPI" time="2.487" classname="restapitest.GetCall2"/>
  <system-out/>
</testsuite> <!-- restapitest.GetCall2 -->
