<?xml version="1.0" encoding="UTF-8"?>
<!-- Generated by org.testng.reporters.JUnitReportReporter -->
<testsuite skipped="0" hostname="PUN-RPATIDAR01" name="getRequest.GetCall2" tests="1" failures="0" timestamp="2020-04-05T17:07:41 IST" time="2.373" errors="0">
  <testcase name="getRestAPI" time="2.373" classname="getRequest.GetCall2"/>
  <system-out/>
</testsuite> <!-- getRequest.GetCall2 -->
