<?xml version="1.0" encoding="UTF-8"?>
<!-- Generated by org.testng.reporters.JUnitReportReporter -->
<testsuite skipped="0" hostname="PUN-RPATIDAR01" name="restapitest.GetWeatherInfo" tests="3" failures="0" timestamp="2020-04-05T13:50:16 IST" time="4.545" errors="0">
  <testcase name="getDataFromExcel" time="0.840" classname="restapitest.GetWeatherInfo"/>
  <system-out/>
  <testcase name="getDataFromExcel" time="1.267" classname="restapitest.GetWeatherInfo"/>
  <system-out/>
  <testcase name="getDataFromExcel" time="2.438" classname="restapitest.GetWeatherInfo"/>
  <system-out/>
</testsuite> <!-- restapitest.GetWeatherInfo -->
