<?xml version="1.0" encoding="UTF-8"?>
<!-- Generated by org.testng.reporters.JUnitReportReporter -->
<testsuite skipped="0" hostname="PUN-RPATIDAR01" name="restapitest.Post_ReqRes2" tests="4" failures="0" timestamp="2020-04-05T13:29:46 IST" time="3.749" errors="0">
  <testcase name="adduser" time="0.432" classname="restapitest.Post_ReqRes2"/>
  <system-out/>
  <testcase name="adduser" time="2.580" classname="restapitest.Post_ReqRes2"/>
  <system-out/>
  <testcase name="adduser" time="0.247" classname="restapitest.Post_ReqRes2"/>
  <system-out/>
  <testcase name="adduser" time="0.490" classname="restapitest.Post_ReqRes2"/>
  <system-out/>
</testsuite> <!-- restapitest.Post_ReqRes2 -->
